🚀 Menjalankan Pelayan Node.js di VPS...
✅ AMIS TOTAL! Pelayan Node.js di VPS sudah terhubung menggunakan sesi lokal.
📩 Pesan masuk di VPS: /cek
📩 Pesan masuk di VPS: /cek
📩 Pesan masuk di VPS: /cek besok
📩 Pesan masuk di VPS: /cek
📩 Pesan masuk di VPS: /cek
📩 Pesan masuk di VPS: /cek
📩 Pesan masuk di VPS: /cek besok
📩 Pesan masuk di VPS: /cek
📩 Pesan masuk di VPS: /cek little bay
📩 Pesan masuk di VPS: /cek
📩 Pesan masuk di VPS: /cek little bay
📩 Pesan masuk di VPS: /cek 220426
📩 Pesan masuk di VPS: /cek besok
📩 Pesan masuk di VPS: /cek
📩 Pesan masuk di VPS: /cek
📩 Pesan masuk di VPS: /cek little bay
📩 Pesan masuk di VPS: /cek little bay 220426
📩 Pesan masuk di VPS: /cek 220426
📩 Pesan masuk di VPS: /cek cronulla 230426
📩 Pesan masuk di VPS: /cek
📩 Pesan masuk di VPS: /cek kurnell
📩 Pesan masuk di VPS: /cek kurnel 220426
📩 Pesan masuk di VPS: /cek kurnell 220426
📩 Pesan masuk di VPS: /cek 240526
📩 Pesan masuk di VPS: /cek 240426
📩 Pesan masuk di VPS: /cek 230426
